[2020-12-14 12:01:40,354] TRACE [Controller id=0] Checking need to trigger auto leader balancing (kafka.controller.KafkaController)
[2020-12-14 12:01:40,354] DEBUG [Controller id=0] Preferred replicas by broker Map() (kafka.controller.KafkaController)
[2020-12-14 12:06:40,354] TRACE [Controller id=0] Checking need to trigger auto leader balancing (kafka.controller.KafkaController)
[2020-12-14 12:06:40,355] DEBUG [Controller id=0] Preferred replicas by broker Map() (kafka.controller.KafkaController)
[2020-12-14 12:11:40,355] TRACE [Controller id=0] Checking need to trigger auto leader balancing (kafka.controller.KafkaController)
[2020-12-14 12:11:40,355] DEBUG [Controller id=0] Preferred replicas by broker Map() (kafka.controller.KafkaController)
[2020-12-14 12:15:08,294] INFO [Controller id=0] Shutting down broker 0 (kafka.controller.KafkaController)
[2020-12-14 12:15:08,295] DEBUG [Controller id=0] All shutting down brokers: 0 (kafka.controller.KafkaController)
[2020-12-14 12:15:08,295] DEBUG [Controller id=0] Live brokers:  (kafka.controller.KafkaController)
[2020-12-14 12:15:08,300] TRACE [Controller id=0] All leaders =  (kafka.controller.KafkaController)
[2020-12-14 12:15:08,936] INFO [ControllerEventThread controllerId=0] Shutting down (kafka.controller.ControllerEventManager$ControllerEventThread)
[2020-12-14 12:15:08,936] INFO [ControllerEventThread controllerId=0] Stopped (kafka.controller.ControllerEventManager$ControllerEventThread)
[2020-12-14 12:15:08,936] INFO [ControllerEventThread controllerId=0] Shutdown completed (kafka.controller.ControllerEventManager$ControllerEventThread)
[2020-12-14 12:15:08,937] DEBUG [Controller id=0] Resigning (kafka.controller.KafkaController)
[2020-12-14 12:15:08,937] DEBUG [Controller id=0] Unregister BrokerModifications handler for Set(0) (kafka.controller.KafkaController)
[2020-12-14 12:15:08,939] INFO [PartitionStateMachine controllerId=0] Stopped partition state machine (kafka.controller.PartitionStateMachine)
[2020-12-14 12:15:08,940] INFO [ReplicaStateMachine controllerId=0] Stopped replica state machine (kafka.controller.ReplicaStateMachine)
[2020-12-14 12:15:08,940] INFO [RequestSendThread controllerId=0] Shutting down (kafka.controller.RequestSendThread)
[2020-12-14 12:15:08,940] INFO [RequestSendThread controllerId=0] Shutdown completed (kafka.controller.RequestSendThread)
[2020-12-14 12:15:08,940] INFO [RequestSendThread controllerId=0] Stopped (kafka.controller.RequestSendThread)
[2020-12-14 12:15:08,942] INFO [Controller id=0] Resigned (kafka.controller.KafkaController)
