[2020-12-07 12:13:51,113] INFO Starting the log cleaner (kafka.log.LogCleaner)
[2020-12-07 12:13:51,248] INFO [kafka-log-cleaner-thread-0]: Starting (kafka.log.LogCleaner)
[2020-12-07 12:16:07,167] INFO Shutting down the log cleaner. (kafka.log.LogCleaner)
[2020-12-07 12:16:07,168] INFO [kafka-log-cleaner-thread-0]: Shutting down (kafka.log.LogCleaner)
[2020-12-07 12:16:07,168] INFO [kafka-log-cleaner-thread-0]: Stopped (kafka.log.LogCleaner)
[2020-12-07 12:16:07,168] INFO [kafka-log-cleaner-thread-0]: Shutdown completed (kafka.log.LogCleaner)
[2020-12-07 12:18:28,270] INFO Starting the log cleaner (kafka.log.LogCleaner)
[2020-12-07 12:19:16,164] INFO Starting the log cleaner (kafka.log.LogCleaner)
[2020-12-07 12:19:16,252] INFO [kafka-log-cleaner-thread-0]: Starting (kafka.log.LogCleaner)
[2020-12-07 12:29:08,029] INFO Starting the log cleaner (kafka.log.LogCleaner)
[2020-12-07 12:29:08,107] INFO [kafka-log-cleaner-thread-0]: Starting (kafka.log.LogCleaner)
[2020-12-07 12:29:08,854] INFO Shutting down the log cleaner. (kafka.log.LogCleaner)
[2020-12-07 12:29:08,855] INFO [kafka-log-cleaner-thread-0]: Shutting down (kafka.log.LogCleaner)
[2020-12-07 12:29:08,855] INFO [kafka-log-cleaner-thread-0]: Stopped (kafka.log.LogCleaner)
[2020-12-07 12:29:08,855] INFO [kafka-log-cleaner-thread-0]: Shutdown completed (kafka.log.LogCleaner)
[2020-12-07 12:29:41,034] INFO Starting the log cleaner (kafka.log.LogCleaner)
[2020-12-07 12:29:41,112] INFO [kafka-log-cleaner-thread-0]: Starting (kafka.log.LogCleaner)
[2020-12-07 12:30:01,467] INFO Shutting down the log cleaner. (kafka.log.LogCleaner)
[2020-12-07 12:30:01,468] INFO [kafka-log-cleaner-thread-0]: Shutting down (kafka.log.LogCleaner)
[2020-12-07 12:30:01,468] INFO [kafka-log-cleaner-thread-0]: Stopped (kafka.log.LogCleaner)
[2020-12-07 12:30:01,468] INFO [kafka-log-cleaner-thread-0]: Shutdown completed (kafka.log.LogCleaner)
[2020-12-07 12:33:10,160] INFO Starting the log cleaner (kafka.log.LogCleaner)
[2020-12-07 12:33:10,238] INFO [kafka-log-cleaner-thread-0]: Starting (kafka.log.LogCleaner)
