[2021-01-03 17:46:07,305] WARN [KafkaServer id=0] Retrying controlled shutdown after the previous attempt failed... (kafka.server.KafkaServer)
[2021-01-03 17:46:07,319] INFO [ReplicaFetcherManager on broker 0] Removed fetcher for partitions Set() (kafka.server.ReplicaFetcherManager)
[2021-01-03 17:46:07,322] INFO [ReplicaAlterLogDirsManager on broker 0] Removed fetcher for partitions Set() (kafka.server.ReplicaAlterLogDirsManager)
[2021-01-03 17:46:07,324] INFO [ReplicaFetcherManager on broker 0] Removed fetcher for partitions Set(test-3-0) (kafka.server.ReplicaFetcherManager)
[2021-01-03 17:46:07,324] INFO [ReplicaAlterLogDirsManager on broker 0] Removed fetcher for partitions Set(test-3-0) (kafka.server.ReplicaAlterLogDirsManager)
[2021-01-03 17:46:07,325] INFO [KafkaServer id=0] Remaining partitions to move: test-2-0 (kafka.server.KafkaServer)
[2021-01-03 17:46:07,326] INFO [KafkaServer id=0] Error from controller: NONE (kafka.server.KafkaServer)
[2021-01-03 17:46:07,327] INFO [ReplicaFetcherManager on broker 0] Removed fetcher for partitions Set() (kafka.server.ReplicaFetcherManager)
[2021-01-03 17:46:07,327] INFO [ReplicaAlterLogDirsManager on broker 0] Removed fetcher for partitions Set() (kafka.server.ReplicaAlterLogDirsManager)
[2021-01-03 17:46:07,328] INFO [ReplicaFetcherManager on broker 0] Removed fetcher for partitions Set(test-3-0) (kafka.server.ReplicaFetcherManager)
[2021-01-03 17:46:07,329] INFO [ReplicaAlterLogDirsManager on broker 0] Removed fetcher for partitions Set(test-3-0) (kafka.server.ReplicaAlterLogDirsManager)
[2021-01-03 17:46:12,326] WARN [KafkaServer id=0] Retrying controlled shutdown after the previous attempt failed... (kafka.server.KafkaServer)
[2021-01-03 17:46:12,330] WARN [KafkaServer id=0] Proceeding to do an unclean shutdown as all the controlled shutdown attempts failed (kafka.server.KafkaServer)
[2021-01-03 17:46:12,333] INFO [/config/changes-event-process-thread]: Shutting down (kafka.common.ZkNodeChangeNotificationListener$ChangeEventProcessThread)
[2021-01-03 17:46:12,334] INFO [/config/changes-event-process-thread]: Stopped (kafka.common.ZkNodeChangeNotificationListener$ChangeEventProcessThread)
[2021-01-03 17:46:12,334] INFO [/config/changes-event-process-thread]: Shutdown completed (kafka.common.ZkNodeChangeNotificationListener$ChangeEventProcessThread)
[2021-01-03 17:46:12,334] INFO [SocketServer brokerId=0] Stopping socket server request processors (kafka.network.SocketServer)
[2021-01-03 17:46:12,347] INFO [SocketServer brokerId=0] Stopped socket server request processors (kafka.network.SocketServer)
[2021-01-03 17:46:12,348] INFO [data-plane Kafka Request Handler on Broker 0], shutting down (kafka.server.KafkaRequestHandlerPool)
[2021-01-03 17:46:12,350] INFO [data-plane Kafka Request Handler on Broker 0], shut down completely (kafka.server.KafkaRequestHandlerPool)
[2021-01-03 17:46:12,357] INFO [KafkaApi-0] Shutdown complete. (kafka.server.KafkaApis)
[2021-01-03 17:46:12,358] INFO [ExpirationReaper-0-topic]: Shutting down (kafka.server.DelayedOperationPurgatory$ExpiredOperationReaper)
[2021-01-03 17:46:12,519] INFO [ExpirationReaper-0-topic]: Stopped (kafka.server.DelayedOperationPurgatory$ExpiredOperationReaper)
[2021-01-03 17:46:12,519] INFO [ExpirationReaper-0-topic]: Shutdown completed (kafka.server.DelayedOperationPurgatory$ExpiredOperationReaper)
[2021-01-03 17:46:12,525] INFO [TransactionCoordinator id=0] Shutting down. (kafka.coordinator.transaction.TransactionCoordinator)
[2021-01-03 17:46:12,526] INFO [ProducerId Manager 0]: Shutdown complete: last producerId assigned 11000 (kafka.coordinator.transaction.ProducerIdManager)
[2021-01-03 17:46:12,526] INFO [Transaction State Manager 0]: Shutdown complete (kafka.coordinator.transaction.TransactionStateManager)
[2021-01-03 17:46:12,527] INFO [Transaction Marker Channel Manager 0]: Shutting down (kafka.coordinator.transaction.TransactionMarkerChannelManager)
[2021-01-03 17:46:12,527] INFO [Transaction Marker Channel Manager 0]: Stopped (kafka.coordinator.transaction.TransactionMarkerChannelManager)
[2021-01-03 17:46:12,527] INFO [Transaction Marker Channel Manager 0]: Shutdown completed (kafka.coordinator.transaction.TransactionMarkerChannelManager)
[2021-01-03 17:46:12,528] INFO [TransactionCoordinator id=0] Shutdown complete. (kafka.coordinator.transaction.TransactionCoordinator)
[2021-01-03 17:46:12,528] INFO [GroupCoordinator 0]: Shutting down. (kafka.coordinator.group.GroupCoordinator)
[2021-01-03 17:46:12,529] INFO [ExpirationReaper-0-Heartbeat]: Shutting down (kafka.server.DelayedOperationPurgatory$ExpiredOperationReaper)
[2021-01-03 17:46:12,721] INFO [ExpirationReaper-0-Heartbeat]: Stopped (kafka.server.DelayedOperationPurgatory$ExpiredOperationReaper)
[2021-01-03 17:46:12,721] INFO [ExpirationReaper-0-Heartbeat]: Shutdown completed (kafka.server.DelayedOperationPurgatory$ExpiredOperationReaper)
[2021-01-03 17:46:12,721] INFO [ExpirationReaper-0-Rebalance]: Shutting down (kafka.server.DelayedOperationPurgatory$ExpiredOperationReaper)
[2021-01-03 17:46:12,726] INFO [ExpirationReaper-0-Rebalance]: Stopped (kafka.server.DelayedOperationPurgatory$ExpiredOperationReaper)
[2021-01-03 17:46:12,726] INFO [ExpirationReaper-0-Rebalance]: Shutdown completed (kafka.server.DelayedOperationPurgatory$ExpiredOperationReaper)
[2021-01-03 17:46:12,727] INFO [GroupCoordinator 0]: Shutdown complete. (kafka.coordinator.group.GroupCoordinator)
[2021-01-03 17:46:12,728] INFO [ReplicaManager broker=0] Shutting down (kafka.server.ReplicaManager)
[2021-01-03 17:46:12,729] INFO [LogDirFailureHandler]: Shutting down (kafka.server.ReplicaManager$LogDirFailureHandler)
[2021-01-03 17:46:12,729] INFO [LogDirFailureHandler]: Stopped (kafka.server.ReplicaManager$LogDirFailureHandler)
[2021-01-03 17:46:12,729] INFO [LogDirFailureHandler]: Shutdown completed (kafka.server.ReplicaManager$LogDirFailureHandler)
[2021-01-03 17:46:12,730] INFO [ReplicaFetcherManager on broker 0] shutting down (kafka.server.ReplicaFetcherManager)
[2021-01-03 17:46:12,732] INFO [ReplicaFetcherManager on broker 0] shutdown completed (kafka.server.ReplicaFetcherManager)
[2021-01-03 17:46:12,733] INFO [ReplicaAlterLogDirsManager on broker 0] shutting down (kafka.server.ReplicaAlterLogDirsManager)
[2021-01-03 17:46:12,734] INFO [ReplicaAlterLogDirsManager on broker 0] shutdown completed (kafka.server.ReplicaAlterLogDirsManager)
[2021-01-03 17:46:12,734] INFO [ExpirationReaper-0-Fetch]: Shutting down (kafka.server.DelayedOperationPurgatory$ExpiredOperationReaper)
[2021-01-03 17:46:12,920] INFO [ExpirationReaper-0-Fetch]: Stopped (kafka.server.DelayedOperationPurgatory$ExpiredOperationReaper)
[2021-01-03 17:46:12,920] INFO [ExpirationReaper-0-Fetch]: Shutdown completed (kafka.server.DelayedOperationPurgatory$ExpiredOperationReaper)
[2021-01-03 17:46:12,920] INFO [ExpirationReaper-0-Produce]: Shutting down (kafka.server.DelayedOperationPurgatory$ExpiredOperationReaper)
[2021-01-03 17:46:12,926] INFO [ExpirationReaper-0-Produce]: Stopped (kafka.server.DelayedOperationPurgatory$ExpiredOperationReaper)
[2021-01-03 17:46:12,926] INFO [ExpirationReaper-0-Produce]: Shutdown completed (kafka.server.DelayedOperationPurgatory$ExpiredOperationReaper)
[2021-01-03 17:46:12,927] INFO [ExpirationReaper-0-DeleteRecords]: Shutting down (kafka.server.DelayedOperationPurgatory$ExpiredOperationReaper)
[2021-01-03 17:46:13,119] INFO [ExpirationReaper-0-DeleteRecords]: Stopped (kafka.server.DelayedOperationPurgatory$ExpiredOperationReaper)
[2021-01-03 17:46:13,119] INFO [ExpirationReaper-0-DeleteRecords]: Shutdown completed (kafka.server.DelayedOperationPurgatory$ExpiredOperationReaper)
[2021-01-03 17:46:13,119] INFO [ExpirationReaper-0-ElectPreferredLeader]: Shutting down (kafka.server.DelayedOperationPurgatory$ExpiredOperationReaper)
[2021-01-03 17:46:13,320] INFO [ExpirationReaper-0-ElectPreferredLeader]: Shutdown completed (kafka.server.DelayedOperationPurgatory$ExpiredOperationReaper)
[2021-01-03 17:46:13,320] INFO [ExpirationReaper-0-ElectPreferredLeader]: Stopped (kafka.server.DelayedOperationPurgatory$ExpiredOperationReaper)
[2021-01-03 17:46:13,333] INFO [ReplicaManager broker=0] Shut down completely (kafka.server.ReplicaManager)
[2021-01-03 17:46:13,334] INFO Shutting down. (kafka.log.LogManager)
[2021-01-03 17:46:13,362] INFO [ProducerStateManager partition=twitterdata-1] Writing producer snapshot at offset 2809 (kafka.log.ProducerStateManager)
[2021-01-03 17:46:13,377] INFO [ProducerStateManager partition=twitterdata-0] Writing producer snapshot at offset 2890 (kafka.log.ProducerStateManager)
[2021-01-03 17:46:13,381] INFO [ProducerStateManager partition=__consumer_offsets-10] Writing producer snapshot at offset 503 (kafka.log.ProducerStateManager)
[2021-01-03 17:46:13,421] INFO Shutdown complete. (kafka.log.LogManager)
[2021-01-03 17:46:13,477] INFO [ZooKeeperClient] Closing. (kafka.zookeeper.ZooKeeperClient)
[2021-01-03 17:46:13,491] INFO Session: 0x100001880cc0001 closed (org.apache.zookeeper.ZooKeeper)
[2021-01-03 17:46:13,491] INFO EventThread shut down for session: 0x100001880cc0001 (org.apache.zookeeper.ClientCnxn)
[2021-01-03 17:46:13,493] INFO [ZooKeeperClient] Closed. (kafka.zookeeper.ZooKeeperClient)
[2021-01-03 17:46:13,493] INFO [ThrottledChannelReaper-Fetch]: Shutting down (kafka.server.ClientQuotaManager$ThrottledChannelReaper)
[2021-01-03 17:46:14,116] INFO [ThrottledChannelReaper-Fetch]: Stopped (kafka.server.ClientQuotaManager$ThrottledChannelReaper)
[2021-01-03 17:46:14,117] INFO [ThrottledChannelReaper-Fetch]: Shutdown completed (kafka.server.ClientQuotaManager$ThrottledChannelReaper)
[2021-01-03 17:46:14,118] INFO [ThrottledChannelReaper-Produce]: Shutting down (kafka.server.ClientQuotaManager$ThrottledChannelReaper)
[2021-01-03 17:46:15,116] INFO [ThrottledChannelReaper-Produce]: Stopped (kafka.server.ClientQuotaManager$ThrottledChannelReaper)
[2021-01-03 17:46:15,116] INFO [ThrottledChannelReaper-Produce]: Shutdown completed (kafka.server.ClientQuotaManager$ThrottledChannelReaper)
[2021-01-03 17:46:15,116] INFO [ThrottledChannelReaper-Request]: Shutting down (kafka.server.ClientQuotaManager$ThrottledChannelReaper)
[2021-01-03 17:46:16,116] INFO [ThrottledChannelReaper-Request]: Stopped (kafka.server.ClientQuotaManager$ThrottledChannelReaper)
[2021-01-03 17:46:16,116] INFO [ThrottledChannelReaper-Request]: Shutdown completed (kafka.server.ClientQuotaManager$ThrottledChannelReaper)
[2021-01-03 17:46:16,120] INFO [SocketServer brokerId=0] Shutting down socket server (kafka.network.SocketServer)
[2021-01-03 17:46:16,152] INFO [SocketServer brokerId=0] Shutdown completed (kafka.network.SocketServer)
[2021-01-03 17:46:16,158] INFO [KafkaServer id=0] shut down completed (kafka.server.KafkaServer)
