[2021-01-03 17:46:07,313] ERROR [Controller id=0 epoch=10] Controller 0 epoch 10 failed to change state for partition test-2-0 from OnlinePartition to OnlinePartition (state.change.logger)
kafka.common.StateChangeFailedException: Failed to elect leader for partition test-2-0 under strategy ControlledShutdownPartitionLeaderElectionStrategy
	at kafka.controller.PartitionStateMachine.$anonfun$doElectLeaderForPartitions$9(PartitionStateMachine.scala:390)
	at scala.collection.mutable.ResizableArray.foreach(ResizableArray.scala:62)
	at scala.collection.mutable.ResizableArray.foreach$(ResizableArray.scala:55)
	at scala.collection.mutable.ArrayBuffer.foreach(ArrayBuffer.scala:49)
	at kafka.controller.PartitionStateMachine.doElectLeaderForPartitions(PartitionStateMachine.scala:388)
	at kafka.controller.PartitionStateMachine.electLeaderForPartitions(PartitionStateMachine.scala:315)
	at kafka.controller.PartitionStateMachine.doHandleStateChanges(PartitionStateMachine.scala:225)
	at kafka.controller.PartitionStateMachine.handleStateChanges(PartitionStateMachine.scala:141)
	at kafka.controller.KafkaController$ControlledShutdown.doControlledShutdown(KafkaController.scala:1094)
	at kafka.controller.KafkaController$ControlledShutdown.$anonfun$handleProcess$1(KafkaController.scala:1056)
	at scala.util.Try$.apply(Try.scala:213)
	at kafka.controller.KafkaController$ControlledShutdown.handleProcess(KafkaController.scala:1056)
	at kafka.controller.PreemptableControllerEvent.process(KafkaController.scala:1809)
	at kafka.controller.PreemptableControllerEvent.process$(KafkaController.scala:1807)
	at kafka.controller.KafkaController$ControlledShutdown.process(KafkaController.scala:1047)
	at kafka.controller.ControllerEventManager$ControllerEventThread.$anonfun$doWork$1(ControllerEventManager.scala:94)
	at scala.runtime.java8.JFunction0$mcV$sp.apply(JFunction0$mcV$sp.java:23)
	at kafka.metrics.KafkaTimer.time(KafkaTimer.scala:31)
	at kafka.controller.ControllerEventManager$ControllerEventThread.doWork(ControllerEventManager.scala:94)
	at kafka.utils.ShutdownableThread.run(ShutdownableThread.scala:82)
[2021-01-03 17:46:07,323] TRACE [Controller id=0 epoch=10] Received response {error_code=0,partitions=[]} for request STOP_REPLICA with correlation id 15 sent to broker ThinkPad-X250:9092 (id: 0 rack: null) (state.change.logger)
[2021-01-03 17:46:07,323] TRACE [Controller id=0 epoch=10] Changed state of replica 0 for partition test-3-0 from OfflineReplica to OfflineReplica (state.change.logger)
[2021-01-03 17:46:07,324] TRACE [Controller id=0 epoch=10] Sending UpdateMetadata request PartitionState(controllerEpoch=10, leader=2, leaderEpoch=2, isr=[2], zkVersion=2, replicas=[1, 2, 0], offlineReplicas=[1, 2, 0]) to brokers Set(0) for partition test-3-0 (state.change.logger)
[2021-01-03 17:46:07,325] TRACE [Broker id=0] Handling stop replica (delete=false) for partition test-3-0 (state.change.logger)
[2021-01-03 17:46:07,325] TRACE [Broker id=0] Finished handling stop replica (delete=false) for partition test-3-0 (state.change.logger)
[2021-01-03 17:46:07,325] TRACE [Controller id=0 epoch=10] Received response {error_code=0,partitions=[{topic=test-3,partition=0,error_code=0}]} for request STOP_REPLICA with correlation id 16 sent to broker ThinkPad-X250:9092 (id: 0 rack: null) (state.change.logger)
[2021-01-03 17:46:07,326] TRACE [Broker id=0] Cached leader info PartitionState(controllerEpoch=10, leader=2, leaderEpoch=2, isr=[2], zkVersion=2, replicas=[1, 2, 0], offlineReplicas=[1, 2, 0]) for partition test-3-0 in response to UpdateMetadata request sent by controller 0 epoch 10 with correlation id 17 (state.change.logger)
[2021-01-03 17:46:07,327] TRACE [Controller id=0 epoch=10] Received response {error_code=0} for request UPDATE_METADATA with correlation id 17 sent to broker ThinkPad-X250:9092 (id: 0 rack: null) (state.change.logger)
[2021-01-03 17:46:07,328] TRACE [Controller id=0 epoch=10] Received response {error_code=0,partitions=[]} for request STOP_REPLICA with correlation id 18 sent to broker ThinkPad-X250:9092 (id: 0 rack: null) (state.change.logger)
[2021-01-03 17:46:07,329] TRACE [Broker id=0] Handling stop replica (delete=false) for partition test-3-0 (state.change.logger)
[2021-01-03 17:46:07,329] TRACE [Broker id=0] Finished handling stop replica (delete=false) for partition test-3-0 (state.change.logger)
[2021-01-03 17:46:07,329] TRACE [Controller id=0 epoch=10] Received response {error_code=0,partitions=[{topic=test-3,partition=0,error_code=0}]} for request STOP_REPLICA with correlation id 19 sent to broker ThinkPad-X250:9092 (id: 0 rack: null) (state.change.logger)
